<?xml version="1.0" encoding="UTF-8"?>
<!-- Generated by org.testng.reporters.JUnitReportReporter -->
<testsuite hostname="PAT-RICK" failures="0" tests="1" name="com.orangehrmlive.demo.testsuite.ForgotPasswordTest" time="5.036" errors="0" timestamp="2022-12-12T00:05:26 GMT" skipped="0">
  <testcase classname="com.orangehrmlive.demo.testsuite.ForgotPasswordTest" name="userShouldNavigateToForgotPasswordPageSuccessfully" time="5.036"/>
  <system-out>
    <![CDATA[Click on Forgot Password Link:[[ChromeDriver: chrome on WINDOWS (1301ff04b1437d11d0830b9942945478)] -> xpath: //div[@class = 'orangehrm-login-forgot']/p[text() = 'Forgot your password? ']]
Verify Actual Text of Reset Password Link:[[ChromeDriver: chrome on WINDOWS (1301ff04b1437d11d0830b9942945478)] -> xpath: //div[@class = 'orangehrm-card-container']/form/h6[text() = 'Reset Password']]]]>
  </system-out>
</testsuite> <!-- com.orangehrmlive.demo.testsuite.ForgotPasswordTest -->
