<?xml version="1.0" encoding="UTF-8"?>
<!-- Generated by org.testng.reporters.JUnitReportReporter -->
<testsuite hostname="PAT-RICK" failures="0" tests="1" name="com.orangehrmlive.demo.testsuite.LoginPageTest" time="4.508" errors="0" timestamp="2022-12-12T00:05:26 GMT" skipped="0">
  <testcase classname="com.orangehrmlive.demo.testsuite.LoginPageTest" name="userShouldLoginSuccessfullyWithValidCredentials" time="4.508"/>
  <system-out>
    <![CDATA[Enter Username Admin to email field [[ChromeDriver: chrome on WINDOWS (b90d2e275b85cb7c72c4588d5311838c)] -> name: username]
Enter Username admin123 to email field [[ChromeDriver: chrome on WINDOWS (b90d2e275b85cb7c72c4588d5311838c)] -> name: password]
Click on Login Button: [[ChromeDriver: chrome on WINDOWS (b90d2e275b85cb7c72c4588d5311838c)] -> xpath: //button[@type = 'submit']]
Get Success Message from DashBoard : [[ChromeDriver: chrome on WINDOWS (b90d2e275b85cb7c72c4588d5311838c)] -> xpath: //span/h6[text() = 'Dashboard']]]]>
  </system-out>
</testsuite> <!-- com.orangehrmlive.demo.testsuite.LoginPageTest -->
